<?xml version="1.0" encoding="UTF-8"?>
<!-- Generated by org.testng.reporters.JUnitReportReporter -->
<testsuite hostname="Ehteshaams-MacBook-Pro.local" name="testPack.sauceDemoNG" tests="3" failures="0" timestamp="28 Jul 2021 16:03:40 GMT" time="5.543" errors="0">
  <testcase name="login_Element_Validation" time="1.675" classname="testPack.sauceDemoNG"/>
  <testcase name="positive_login_Validation" time="1.068" classname="testPack.sauceDemoNG"/>
  <testcase name="naegative_login_Validation" time="2.800" classname="testPack.sauceDemoNG"/>
</testsuite> <!-- testPack.sauceDemoNG -->
